{"C:\\Users\\gabri\\workspace\\Nova pasta\\lib\\classeTest.js": {"path":"C:\\Users\\gabri\\workspace\\Nova pasta\\lib\\classeTest.js","statementMap":{"0":{"start":{"line":4,"column":8},"end":{"line":11,"column":9}},"1":{"start":{"line":5,"column":12},"end":{"line":7,"column":13}},"2":{"start":{"line":5,"column":29},"end":{"line":5,"column":30}},"3":{"start":{"line":6,"column":16},"end":{"line":6,"column":35}},"4":{"start":{"line":8,"column":12},"end":{"line":8,"column":24}},"5":{"start":{"line":10,"column":12},"end":{"line":10,"column":23}},"6":{"start":{"line":15,"column":0},"end":{"line":15,"column":28}}},"fnMap":{"0":{"name":"(anonymous_0)","decl":{"start":{"line":3,"column":4},"end":{"line":3,"column":5}},"loc":{"start":{"line":3,"column":19},"end":{"line":12,"column":5}},"line":3}},"branchMap":{"0":{"loc":{"start":{"line":4,"column":8},"end":{"line":11,"column":9}},"type":"if","locations":[{"start":{"line":4,"column":8},"end":{"line":11,"column":9}},{"start":{"line":4,"column":8},"end":{"line":11,"column":9}}],"line":4}},"s":{"0":2,"1":1,"2":1,"3":0,"4":1,"5":1,"6":1},"f":{"0":2},"b":{"0":[1,1]},"_coverageSchema":"1a1c01bbd47fc00a2c39e90264f33305004495a9","hash":"ce3dd7545618b24e959920ff151ca4b1f1010c9f"}
}
